[dotenv] Set [36mAWS_ACCESS_KEY_ID[0m, [36mAWS_SECRET_ACCESS_KEY[0m, [36mAWS_REGION[0m, [36mDYNAMODB_TABLE[0m, [36mDYNAMODB_ENDPOINT[0m
[dotenv] Loaded [33m.env[0m
[dotenv] Set [36mAWS_ACCESS_KEY_ID[0m, [36mAWS_SECRET_ACCESS_KEY[0m, [36mAWS_REGION[0m, [36mDYNAMODB_TABLE[0m, [36mDYNAMODB_ENDPOINT[0m
[dotenv] Loaded [33m.env[0m
[dotenv] Set [36mAWS_ACCESS_KEY_ID[0m, [36mAWS_SECRET_ACCESS_KEY[0m, [36mAWS_REGION[0m, [36mDYNAMODB_TABLE[0m, [36mDYNAMODB_ENDPOINT[0m
[dotenv] Loaded [33m.env[0m
Started GET "/" for ::1 at 2026-05-23 11:22:05 -0500
Processing by KeysController#index as HTML
  Rendering layout layouts/application.html.erb
  Rendering keys/index.html.erb within layouts/application
  Rendered keys/_circle_of_fifths.html.erb (Duration: 3.2ms | GC: 0.0ms)
  Rendered keys/index.html.erb within layouts/application (Duration: 6.8ms | GC: 0.0ms)
  Rendered layout layouts/application.html.erb (Duration: 33.2ms | GC: 9.7ms)
Completed 200 OK in 93ms (Views: 44.6ms | GC: 10.8ms)


Started GET "/favicon.ico" for ::1 at 2026-05-23 11:22:05 -0500
  
ActionController::RoutingError (No route matches [GET] "/favicon.ico"):
  
Started GET "/keys/A" for ::1 at 2026-05-23 11:22:08 -0500
Processing by KeysController#show as HTML
  Parameters: {"key_name" => "A"}
  Rendering layout layouts/application.html.erb
  Rendering keys/show.html.erb within layouts/application
  Rendered keys/_circle_of_fifths.html.erb (Duration: 1.4ms | GC: 0.0ms)
  Rendered keys/show.html.erb within layouts/application (Duration: 2.4ms | GC: 0.0ms)
  Rendered layout layouts/application.html.erb (Duration: 3.7ms | GC: 0.0ms)
Completed 200 OK in 86ms (Views: 4.4ms | GC: 0.0ms)


Started GET "/keys/D" for ::1 at 2026-05-23 11:22:08 -0500
Processing by KeysController#show as HTML
  Parameters: {"key_name" => "D"}
  Rendering layout layouts/application.html.erb
  Rendering keys/show.html.erb within layouts/application
  Rendered keys/_circle_of_fifths.html.erb (Duration: 1.3ms | GC: 0.0ms)
  Rendered keys/show.html.erb within layouts/application (Duration: 1.8ms | GC: 0.0ms)
  Rendered layout layouts/application.html.erb (Duration: 3.0ms | GC: 0.0ms)
Completed 200 OK in 33ms (Views: 3.6ms | GC: 0.0ms)


Started GET "/keys/A" for ::1 at 2026-05-23 11:22:09 -0500
Processing by KeysController#show as HTML
  Parameters: {"key_name" => "A"}
  Rendering layout layouts/application.html.erb
  Rendering keys/show.html.erb within layouts/application
  Rendered keys/_circle_of_fifths.html.erb (Duration: 0.9ms | GC: 0.0ms)
  Rendered keys/show.html.erb within layouts/application (Duration: 1.3ms | GC: 0.0ms)
  Rendered layout layouts/application.html.erb (Duration: 2.1ms | GC: 0.0ms)
Completed 200 OK in 33ms (Views: 2.6ms | GC: 0.0ms)


Started GET "/keys/E" for ::1 at 2026-05-23 11:22:51 -0500
Processing by KeysController#show as HTML
  Parameters: {"key_name" => "E"}
  Rendering layout layouts/application.html.erb
  Rendering keys/show.html.erb within layouts/application
  Rendered keys/_circle_of_fifths.html.erb (Duration: 0.8ms | GC: 0.0ms)
  Rendered keys/show.html.erb within layouts/application (Duration: 1.1ms | GC: 0.0ms)
  Rendered layout layouts/application.html.erb (Duration: 2.2ms | GC: 0.0ms)
Completed 200 OK in 35ms (Views: 2.7ms | GC: 0.0ms)


Started GET "/keys/B" for ::1 at 2026-05-23 11:22:53 -0500
Processing by KeysController#show as HTML
  Parameters: {"key_name" => "B"}
  Rendering layout layouts/application.html.erb
  Rendering keys/show.html.erb within layouts/application
  Rendered keys/_circle_of_fifths.html.erb (Duration: 0.8ms | GC: 0.0ms)
  Rendered keys/show.html.erb within layouts/application (Duration: 1.2ms | GC: 0.0ms)
  Rendered layout layouts/application.html.erb (Duration: 2.1ms | GC: 0.0ms)
Completed 200 OK in 39ms (Views: 2.7ms | GC: 0.0ms)


Started GET "/keys/F%23" for ::1 at 2026-05-23 11:22:53 -0500
  
ActionController::RoutingError (No route matches [GET] "/keys/F%23"):
  
[dotenv] Set [36mAWS_ACCESS_KEY_ID[0m, [36mAWS_SECRET_ACCESS_KEY[0m, [36mAWS_REGION[0m, [36mDYNAMODB_TABLE[0m, [36mDYNAMODB_ENDPOINT[0m
[dotenv] Loaded [33m.env[0m
